\BOOKMARK [0][-]{chapter.1}{\376\377\0001\000\040\000C\000l\000a\000s\000s\000\040\000I\000n\000d\000e\000x}{}% 1
\BOOKMARK [1][-]{section.1.1}{\376\377\0001\000.\0001\000\040\000C\000l\000a\000s\000s\000\040\000L\000i\000s\000t}{chapter.1}% 2
\BOOKMARK [0][-]{chapter.2}{\376\377\0002\000\040\000F\000i\000l\000e\000\040\000I\000n\000d\000e\000x}{}% 3
\BOOKMARK [1][-]{section.2.1}{\376\377\0002\000.\0001\000\040\000F\000i\000l\000e\000\040\000L\000i\000s\000t}{chapter.2}% 4
\BOOKMARK [0][-]{chapter.3}{\376\377\0003\000\040\000C\000l\000a\000s\000s\000\040\000D\000o\000c\000u\000m\000e\000n\000t\000a\000t\000i\000o\000n}{}% 5
\BOOKMARK [1][-]{section.3.1}{\376\377\0003\000.\0001\000\040\000\137\000\137\000d\000i\000s\000p\000l\000a\000y\000\137\000s\000t\000r\000u\000c\000t\000\040\000S\000t\000r\000u\000c\000t\000\040\000R\000e\000f\000e\000r\000e\000n\000c\000e}{chapter.3}% 6
\BOOKMARK [2][-]{subsection.3.1.1}{\376\377\0003\000.\0001\000.\0001\000\040\000M\000e\000m\000b\000e\000r\000\040\000D\000a\000t\000a\000\040\000D\000o\000c\000u\000m\000e\000n\000t\000a\000t\000i\000o\000n}{section.3.1}% 7
\BOOKMARK [3][-]{subsubsection.3.1.1.1}{\376\377\0003\000.\0001\000.\0001\000.\0001\000\040\000d\000a\000t\000a}{subsection.3.1.1}% 8
\BOOKMARK [3][-]{subsubsection.3.1.1.2}{\376\377\0003\000.\0001\000.\0001\000.\0002\000\040\000s\000h\000o\000w\000\137\000s\000t\000a\000t\000e}{subsection.3.1.1}% 9
\BOOKMARK [3][-]{subsubsection.3.1.1.3}{\376\377\0003\000.\0001\000.\0001\000.\0003\000\040\000s\000r\000e\000g}{subsection.3.1.1}% 10
\BOOKMARK [1][-]{section.3.2}{\376\377\0003\000.\0002\000\040\000a\000t\0002\0008\000c\0006\0004\000b\000\040\000S\000t\000r\000u\000c\000t\000\040\000R\000e\000f\000e\000r\000e\000n\000c\000e}{chapter.3}% 11
\BOOKMARK [2][-]{subsection.3.2.1}{\376\377\0003\000.\0002\000.\0001\000\040\000M\000e\000m\000b\000e\000r\000\040\000D\000a\000t\000a\000\040\000D\000o\000c\000u\000m\000e\000n\000t\000a\000t\000i\000o\000n}{section.3.2}% 12
\BOOKMARK [3][-]{subsubsection.3.2.1.1}{\376\377\0003\000.\0002\000.\0001\000.\0001\000\040\000a\000d\000d\000r\000\137\000b\000u\000s}{subsection.3.2.1}% 13
\BOOKMARK [3][-]{subsubsection.3.2.1.2}{\376\377\0003\000.\0002\000.\0001\000.\0002\000\040\000c\000e}{subsection.3.2.1}% 14
\BOOKMARK [3][-]{subsubsection.3.2.1.3}{\376\377\0003\000.\0002\000.\0001\000.\0003\000\040\000d\000a\000t\000a\000\137\000b\000u\000s}{subsection.3.2.1}% 15
\BOOKMARK [3][-]{subsubsection.3.2.1.4}{\376\377\0003\000.\0002\000.\0001\000.\0004\000\040\000d\000a\000t\000a\000\137\000d\000i\000r}{subsection.3.2.1}% 16
\BOOKMARK [3][-]{subsubsection.3.2.1.5}{\376\377\0003\000.\0002\000.\0001\000.\0005\000\040\000o\000e}{subsection.3.2.1}% 17
\BOOKMARK [3][-]{subsubsection.3.2.1.6}{\376\377\0003\000.\0002\000.\0001\000.\0006\000\040\000w\000e}{subsection.3.2.1}% 18
\BOOKMARK [1][-]{section.3.3}{\376\377\0003\000.\0003\000\040\000s\000n\0007\0004\000h\000c\0005\0009\0005\000n\000\040\000S\000t\000r\000u\000c\000t\000\040\000R\000e\000f\000e\000r\000e\000n\000c\000e}{chapter.3}% 19
\BOOKMARK [2][-]{subsection.3.3.1}{\376\377\0003\000.\0003\000.\0001\000\040\000M\000e\000m\000b\000e\000r\000\040\000D\000a\000t\000a\000\040\000D\000o\000c\000u\000m\000e\000n\000t\000a\000t\000i\000o\000n}{section.3.3}% 20
\BOOKMARK [3][-]{subsubsection.3.3.1.1}{\376\377\0003\000.\0003\000.\0001\000.\0001\000\040\000o\000e}{subsection.3.3.1}% 21
\BOOKMARK [3][-]{subsubsection.3.3.1.2}{\376\377\0003\000.\0003\000.\0001\000.\0002\000\040\000r\000c\000l\000k}{subsection.3.3.1}% 22
\BOOKMARK [3][-]{subsubsection.3.3.1.3}{\376\377\0003\000.\0003\000.\0001\000.\0003\000\040\000s\000e\000r}{subsection.3.3.1}% 23
\BOOKMARK [3][-]{subsubsection.3.3.1.4}{\376\377\0003\000.\0003\000.\0001\000.\0004\000\040\000s\000r\000c\000l\000k}{subsection.3.3.1}% 24
\BOOKMARK [1][-]{section.3.4}{\376\377\0003\000.\0004\000\040\000t\000e\000r\000m\000i\000n\000a\000l\000\137\000c\000o\000m\000m\000a\000n\000d\000\137\000s\000t\000r\000u\000c\000t\000\040\000S\000t\000r\000u\000c\000t\000\040\000R\000e\000f\000e\000r\000e\000n\000c\000e}{chapter.3}% 25
\BOOKMARK [2][-]{subsection.3.4.1}{\376\377\0003\000.\0004\000.\0001\000\040\000M\000e\000m\000b\000e\000r\000\040\000D\000a\000t\000a\000\040\000D\000o\000c\000u\000m\000e\000n\000t\000a\000t\000i\000o\000n}{section.3.4}% 26
\BOOKMARK [3][-]{subsubsection.3.4.1.1}{\376\377\0003\000.\0004\000.\0001\000.\0001\000\040\000a\000r\000g\000c}{subsection.3.4.1}% 27
\BOOKMARK [3][-]{subsubsection.3.4.1.2}{\376\377\0003\000.\0004\000.\0001\000.\0002\000\040\000a\000r\000g\000v}{subsection.3.4.1}% 28
\BOOKMARK [0][-]{chapter.4}{\376\377\0004\000\040\000F\000i\000l\000e\000\040\000D\000o\000c\000u\000m\000e\000n\000t\000a\000t\000i\000o\000n}{}% 29
\BOOKMARK [1][-]{section.4.1}{\376\377\0004\000.\0001\000\040\000i\000n\000c\000l\000u\000d\000e\000/\000d\000r\000a\000k\000o\000/\000d\000i\000s\000p\000l\000a\000y\000.\000h\000\040\000F\000i\000l\000e\000\040\000R\000e\000f\000e\000r\000e\000n\000c\000e}{chapter.4}% 30
\BOOKMARK [2][-]{subsection.4.1.1}{\376\377\0004\000.\0001\000.\0001\000\040\000M\000a\000c\000r\000o\000\040\000D\000e\000f\000i\000n\000i\000t\000i\000o\000n\000\040\000D\000o\000c\000u\000m\000e\000n\000t\000a\000t\000i\000o\000n}{section.4.1}% 31
\BOOKMARK [3][-]{subsubsection.4.1.1.1}{\376\377\0004\000.\0001\000.\0001\000.\0001\000\040\000D\000R\000K\000O\000\137\000D\000I\000S\000P\000L\000\137\0000}{subsection.4.1.1}% 32
\BOOKMARK [3][-]{subsubsection.4.1.1.2}{\376\377\0004\000.\0001\000.\0001\000.\0002\000\040\000D\000R\000K\000O\000\137\000D\000I\000S\000P\000L\000\137\0001}{subsection.4.1.1}% 33
\BOOKMARK [3][-]{subsubsection.4.1.1.3}{\376\377\0004\000.\0001\000.\0001\000.\0003\000\040\000D\000R\000K\000O\000\137\000D\000I\000S\000P\000L\000\137\0002}{subsection.4.1.1}% 34
\BOOKMARK [3][-]{subsubsection.4.1.1.4}{\376\377\0004\000.\0001\000.\0001\000.\0004\000\040\000D\000R\000K\000O\000\137\000D\000I\000S\000P\000L\000\137\0003}{subsection.4.1.1}% 35
\BOOKMARK [3][-]{subsubsection.4.1.1.5}{\376\377\0004\000.\0001\000.\0001\000.\0005\000\040\000D\000R\000K\000O\000\137\000D\000I\000S\000P\000L\000\137\0004}{subsection.4.1.1}% 36
\BOOKMARK [3][-]{subsubsection.4.1.1.6}{\376\377\0004\000.\0001\000.\0001\000.\0006\000\040\000D\000R\000K\000O\000\137\000D\000I\000S\000P\000L\000\137\0005}{subsection.4.1.1}% 37
\BOOKMARK [3][-]{subsubsection.4.1.1.7}{\376\377\0004\000.\0001\000.\0001\000.\0007\000\040\000D\000R\000K\000O\000\137\000D\000I\000S\000P\000L\000\137\0006}{subsection.4.1.1}% 38
\BOOKMARK [3][-]{subsubsection.4.1.1.8}{\376\377\0004\000.\0001\000.\0001\000.\0008\000\040\000D\000R\000K\000O\000\137\000D\000I\000S\000P\000L\000\137\0007}{subsection.4.1.1}% 39
\BOOKMARK [3][-]{subsubsection.4.1.1.9}{\376\377\0004\000.\0001\000.\0001\000.\0009\000\040\000D\000R\000K\000O\000\137\000D\000I\000S\000P\000L\000\137\0008}{subsection.4.1.1}% 40
\BOOKMARK [3][-]{subsubsection.4.1.1.10}{\376\377\0004\000.\0001\000.\0001\000.\0001\0000\000\040\000D\000R\000K\000O\000\137\000D\000I\000S\000P\000L\000\137\0009}{subsection.4.1.1}% 41
\BOOKMARK [3][-]{subsubsection.4.1.1.11}{\376\377\0004\000.\0001\000.\0001\000.\0001\0001\000\040\000D\000R\000K\000O\000\137\000D\000I\000S\000P\000L\000\137\000A}{subsection.4.1.1}% 42
\BOOKMARK [3][-]{subsubsection.4.1.1.12}{\376\377\0004\000.\0001\000.\0001\000.\0001\0002\000\040\000D\000R\000K\000O\000\137\000D\000I\000S\000P\000L\000\137\000B}{subsection.4.1.1}% 43
\BOOKMARK [3][-]{subsubsection.4.1.1.13}{\376\377\0004\000.\0001\000.\0001\000.\0001\0003\000\040\000D\000R\000K\000O\000\137\000D\000I\000S\000P\000L\000\137\000C}{subsection.4.1.1}% 44
\BOOKMARK [3][-]{subsubsection.4.1.1.14}{\376\377\0004\000.\0001\000.\0001\000.\0001\0004\000\040\000D\000R\000K\000O\000\137\000D\000I\000S\000P\000L\000\137\000D}{subsection.4.1.1}% 45
\BOOKMARK [3][-]{subsubsection.4.1.1.15}{\376\377\0004\000.\0001\000.\0001\000.\0001\0005\000\040\000D\000R\000K\000O\000\137\000D\000I\000S\000P\000L\000\137\000E}{subsection.4.1.1}% 46
\BOOKMARK [3][-]{subsubsection.4.1.1.16}{\376\377\0004\000.\0001\000.\0001\000.\0001\0006\000\040\000D\000R\000K\000O\000\137\000D\000I\000S\000P\000L\000\137\000F}{subsection.4.1.1}% 47
\BOOKMARK [3][-]{subsubsection.4.1.1.17}{\376\377\0004\000.\0001\000.\0001\000.\0001\0007\000\040\000D\000R\000K\000O\000\137\000D\000I\000S\000P\000L\000\137\000P}{subsection.4.1.1}% 48
\BOOKMARK [3][-]{subsubsection.4.1.1.18}{\376\377\0004\000.\0001\000.\0001\000.\0001\0008\000\040\000D\000R\000K\000O\000\137\000D\000I\000S\000P\000M\000\137\0000}{subsection.4.1.1}% 49
\BOOKMARK [3][-]{subsubsection.4.1.1.19}{\376\377\0004\000.\0001\000.\0001\000.\0001\0009\000\040\000D\000R\000K\000O\000\137\000D\000I\000S\000P\000M\000\137\0001}{subsection.4.1.1}% 50
\BOOKMARK [3][-]{subsubsection.4.1.1.20}{\376\377\0004\000.\0001\000.\0001\000.\0002\0000\000\040\000D\000R\000K\000O\000\137\000D\000I\000S\000P\000M\000\137\0002}{subsection.4.1.1}% 51
\BOOKMARK [3][-]{subsubsection.4.1.1.21}{\376\377\0004\000.\0001\000.\0001\000.\0002\0001\000\040\000D\000R\000K\000O\000\137\000D\000I\000S\000P\000M\000\137\0003}{subsection.4.1.1}% 52
\BOOKMARK [3][-]{subsubsection.4.1.1.22}{\376\377\0004\000.\0001\000.\0001\000.\0002\0002\000\040\000D\000R\000K\000O\000\137\000D\000I\000S\000P\000M\000\137\0004}{subsection.4.1.1}% 53
\BOOKMARK [3][-]{subsubsection.4.1.1.23}{\376\377\0004\000.\0001\000.\0001\000.\0002\0003\000\040\000D\000R\000K\000O\000\137\000D\000I\000S\000P\000M\000\137\0005}{subsection.4.1.1}% 54
\BOOKMARK [3][-]{subsubsection.4.1.1.24}{\376\377\0004\000.\0001\000.\0001\000.\0002\0004\000\040\000D\000R\000K\000O\000\137\000D\000I\000S\000P\000M\000\137\0006}{subsection.4.1.1}% 55
\BOOKMARK [3][-]{subsubsection.4.1.1.25}{\376\377\0004\000.\0001\000.\0001\000.\0002\0005\000\040\000D\000R\000K\000O\000\137\000D\000I\000S\000P\000M\000\137\0007}{subsection.4.1.1}% 56
\BOOKMARK [3][-]{subsubsection.4.1.1.26}{\376\377\0004\000.\0001\000.\0001\000.\0002\0006\000\040\000D\000R\000K\000O\000\137\000D\000I\000S\000P\000M\000\137\0008}{subsection.4.1.1}% 57
\BOOKMARK [3][-]{subsubsection.4.1.1.27}{\376\377\0004\000.\0001\000.\0001\000.\0002\0007\000\040\000D\000R\000K\000O\000\137\000D\000I\000S\000P\000M\000\137\0009}{subsection.4.1.1}% 58
\BOOKMARK [3][-]{subsubsection.4.1.1.28}{\376\377\0004\000.\0001\000.\0001\000.\0002\0008\000\040\000D\000R\000K\000O\000\137\000D\000I\000S\000P\000M\000\137\000A}{subsection.4.1.1}% 59
\BOOKMARK [3][-]{subsubsection.4.1.1.29}{\376\377\0004\000.\0001\000.\0001\000.\0002\0009\000\040\000D\000R\000K\000O\000\137\000D\000I\000S\000P\000M\000\137\000B}{subsection.4.1.1}% 60
\BOOKMARK [3][-]{subsubsection.4.1.1.30}{\376\377\0004\000.\0001\000.\0001\000.\0003\0000\000\040\000D\000R\000K\000O\000\137\000D\000I\000S\000P\000M\000\137\000C}{subsection.4.1.1}% 61
\BOOKMARK [3][-]{subsubsection.4.1.1.31}{\376\377\0004\000.\0001\000.\0001\000.\0003\0001\000\040\000D\000R\000K\000O\000\137\000D\000I\000S\000P\000M\000\137\000D}{subsection.4.1.1}% 62
\BOOKMARK [3][-]{subsubsection.4.1.1.32}{\376\377\0004\000.\0001\000.\0001\000.\0003\0002\000\040\000D\000R\000K\000O\000\137\000D\000I\000S\000P\000M\000\137\000E}{subsection.4.1.1}% 63
\BOOKMARK [3][-]{subsubsection.4.1.1.33}{\376\377\0004\000.\0001\000.\0001\000.\0003\0003\000\040\000D\000R\000K\000O\000\137\000D\000I\000S\000P\000M\000\137\000F}{subsection.4.1.1}% 64
\BOOKMARK [3][-]{subsubsection.4.1.1.34}{\376\377\0004\000.\0001\000.\0001\000.\0003\0004\000\040\000D\000R\000K\000O\000\137\000D\000I\000S\000P\000M\000\137\000P}{subsection.4.1.1}% 65
\BOOKMARK [2][-]{subsection.4.1.2}{\376\377\0004\000.\0001\000.\0002\000\040\000T\000y\000p\000e\000d\000e\000f\000\040\000D\000o\000c\000u\000m\000e\000n\000t\000a\000t\000i\000o\000n}{section.4.1}% 66
\BOOKMARK [3][-]{subsubsection.4.1.2.1}{\376\377\0004\000.\0001\000.\0002\000.\0001\000\040\000d\000i\000s\000p\000l\000a\000y}{subsection.4.1.2}% 67
\BOOKMARK [2][-]{subsection.4.1.3}{\376\377\0004\000.\0001\000.\0003\000\040\000F\000u\000n\000c\000t\000i\000o\000n\000\040\000D\000o\000c\000u\000m\000e\000n\000t\000a\000t\000i\000o\000n}{section.4.1}% 68
\BOOKMARK [3][-]{subsubsection.4.1.3.1}{\376\377\0004\000.\0001\000.\0003\000.\0001\000\040\000b\000y\000t\000e\0002\000d\000i\000s\000p\000\050\000\051}{subsection.4.1.3}% 69
\BOOKMARK [3][-]{subsubsection.4.1.3.2}{\376\377\0004\000.\0001\000.\0003\000.\0002\000\040\000d\000i\000s\000p\000l\000a\000y\000\137\000c\000l\000e\000a\000r\000\050\000\051}{subsection.4.1.3}% 70
\BOOKMARK [3][-]{subsubsection.4.1.3.3}{\376\377\0004\000.\0001\000.\0003\000.\0003\000\040\000d\000i\000s\000p\000l\000a\000y\000\137\000h\000e\000x\000\050\000\051}{subsection.4.1.3}% 71
\BOOKMARK [3][-]{subsubsection.4.1.3.4}{\376\377\0004\000.\0001\000.\0003\000.\0004\000\040\000d\000i\000s\000p\000l\000a\000y\000\137\000h\000i\000d\000e\000\050\000\051}{subsection.4.1.3}% 72
\BOOKMARK [3][-]{subsubsection.4.1.3.5}{\376\377\0004\000.\0001\000.\0003\000.\0005\000\040\000d\000i\000s\000p\000l\000a\000y\000\137\000i\000n\000i\000t\000\050\000\051}{subsection.4.1.3}% 73
\BOOKMARK [3][-]{subsubsection.4.1.3.6}{\376\377\0004\000.\0001\000.\0003\000.\0006\000\040\000d\000i\000s\000p\000l\000a\000y\000\137\000s\000h\000o\000w\000\050\000\051}{subsection.4.1.3}% 74
\BOOKMARK [3][-]{subsubsection.4.1.3.7}{\376\377\0004\000.\0001\000.\0003\000.\0007\000\040\000d\000i\000s\000p\000l\000a\000y\000\137\000w\000r\000i\000t\000e\000\050\000\051}{subsection.4.1.3}% 75
\BOOKMARK [1][-]{section.4.2}{\376\377\0004\000.\0002\000\040\000d\000i\000s\000p\000l\000a\000y\000.\000h}{chapter.4}% 76
\BOOKMARK [1][-]{section.4.3}{\376\377\0004\000.\0003\000\040\000i\000n\000c\000l\000u\000d\000e\000/\000d\000r\000a\000k\000o\000/\000h\000a\000r\000d\000w\000a\000r\000e\000/\000a\000t\0002\0008\000c\0006\0004\000b\000.\000h\000\040\000F\000i\000l\000e\000\040\000R\000e\000f\000e\000r\000e\000n\000c\000e}{chapter.4}% 77
\BOOKMARK [2][-]{subsection.4.3.1}{\376\377\0004\000.\0003\000.\0001\000\040\000M\000a\000c\000r\000o\000\040\000D\000e\000f\000i\000n\000i\000t\000i\000o\000n\000\040\000D\000o\000c\000u\000m\000e\000n\000t\000a\000t\000i\000o\000n}{section.4.3}% 78
\BOOKMARK [3][-]{subsubsection.4.3.1.1}{\376\377\0004\000.\0003\000.\0001\000.\0001\000\040\000E\000E\000P\000R\000O\000M\000\137\000O\000P\000\137\000D\000E\000L\000A\000Y}{subsection.4.3.1}% 79
\BOOKMARK [2][-]{subsection.4.3.2}{\376\377\0004\000.\0003\000.\0002\000\040\000T\000y\000p\000e\000d\000e\000f\000\040\000D\000o\000c\000u\000m\000e\000n\000t\000a\000t\000i\000o\000n}{section.4.3}% 80
\BOOKMARK [3][-]{subsubsection.4.3.2.1}{\376\377\0004\000.\0003\000.\0002\000.\0001\000\040\000e\000e\000p\000r\000o\000m}{subsection.4.3.2}% 81
\BOOKMARK [2][-]{subsection.4.3.3}{\376\377\0004\000.\0003\000.\0003\000\040\000F\000u\000n\000c\000t\000i\000o\000n\000\040\000D\000o\000c\000u\000m\000e\000n\000t\000a\000t\000i\000o\000n}{section.4.3}% 82
\BOOKMARK [3][-]{subsubsection.4.3.3.1}{\376\377\0004\000.\0003\000.\0003\000.\0001\000\040\000\137\000e\000e\000p\000r\000o\000m\000\137\000d\000a\000t\000a\000\137\000i\000n\000\050\000\051}{subsection.4.3.3}% 83
\BOOKMARK [3][-]{subsubsection.4.3.3.2}{\376\377\0004\000.\0003\000.\0003\000.\0002\000\040\000\137\000e\000e\000p\000r\000o\000m\000\137\000d\000a\000t\000a\000\137\000o\000u\000t\000\050\000\051}{subsection.4.3.3}% 84
\BOOKMARK [3][-]{subsubsection.4.3.3.3}{\376\377\0004\000.\0003\000.\0003\000.\0003\000\040\000\137\000e\000e\000p\000r\000o\000m\000\137\000e\000x\000e\000c\000u\000t\000e\000\137\000w\000r\000i\000t\000e\000\050\000\051}{subsection.4.3.3}% 85
\BOOKMARK [3][-]{subsubsection.4.3.3.4}{\376\377\0004\000.\0003\000.\0003\000.\0004\000\040\000\137\000e\000e\000p\000r\000o\000m\000\137\000g\000p\000i\000o\000\137\000i\000n\000i\000t\000\050\000\051}{subsection.4.3.3}% 86
\BOOKMARK [3][-]{subsubsection.4.3.3.5}{\376\377\0004\000.\0003\000.\0003\000.\0005\000\040\000\137\000e\000e\000p\000r\000o\000m\000\137\000s\000e\000t\000\137\000i\000d\000l\000e\000\137\000c\000o\000n\000d\000i\000t\000i\000o\000n\000\050\000\051}{subsection.4.3.3}% 87
\BOOKMARK [3][-]{subsubsection.4.3.3.6}{\376\377\0004\000.\0003\000.\0003\000.\0006\000\040\000\137\000e\000e\000p\000r\000o\000m\000\137\000s\000e\000t\000\137\000r\000e\000a\000d\000\137\000c\000o\000n\000d\000i\000t\000i\000o\000n\000\050\000\051}{subsection.4.3.3}% 88
\BOOKMARK [3][-]{subsubsection.4.3.3.7}{\376\377\0004\000.\0003\000.\0003\000.\0007\000\040\000\137\000e\000e\000p\000r\000o\000m\000\137\000s\000e\000t\000\137\000w\000r\000i\000t\000e\000\137\000c\000o\000n\000d\000i\000t\000i\000o\000n\000\050\000\051}{subsection.4.3.3}% 89
\BOOKMARK [3][-]{subsubsection.4.3.3.8}{\376\377\0004\000.\0003\000.\0003\000.\0008\000\040\000e\000e\000p\000r\000o\000m\000\137\000i\000n\000i\000t\000\050\000\051}{subsection.4.3.3}% 90
\BOOKMARK [3][-]{subsubsection.4.3.3.9}{\376\377\0004\000.\0003\000.\0003\000.\0009\000\040\000e\000e\000p\000r\000o\000m\000\137\000r\000e\000a\000d\0008\000\050\000\051}{subsection.4.3.3}% 91
\BOOKMARK [3][-]{subsubsection.4.3.3.10}{\376\377\0004\000.\0003\000.\0003\000.\0001\0000\000\040\000e\000e\000p\000r\000o\000m\000\137\000s\000e\000l\000e\000c\000t\000\050\000\051}{subsection.4.3.3}% 92
\BOOKMARK [3][-]{subsubsection.4.3.3.11}{\376\377\0004\000.\0003\000.\0003\000.\0001\0001\000\040\000e\000e\000p\000r\000o\000m\000\137\000w\000r\000i\000t\000e\0008\000\050\000\051}{subsection.4.3.3}% 93
\BOOKMARK [1][-]{section.4.4}{\376\377\0004\000.\0004\000\040\000a\000t\0002\0008\000c\0006\0004\000b\000.\000h}{chapter.4}% 94
\BOOKMARK [1][-]{section.4.5}{\376\377\0004\000.\0005\000\040\000i\000n\000c\000l\000u\000d\000e\000/\000d\000r\000a\000k\000o\000/\000h\000a\000r\000d\000w\000a\000r\000e\000/\000s\000n\0007\0004\000h\000c\0005\0009\0005\000n\000.\000h\000\040\000F\000i\000l\000e\000\040\000R\000e\000f\000e\000r\000e\000n\000c\000e}{chapter.4}% 95
\BOOKMARK [2][-]{subsection.4.5.1}{\376\377\0004\000.\0005\000.\0001\000\040\000M\000a\000c\000r\000o\000\040\000D\000e\000f\000i\000n\000i\000t\000i\000o\000n\000\040\000D\000o\000c\000u\000m\000e\000n\000t\000a\000t\000i\000o\000n}{section.4.5}% 96
\BOOKMARK [3][-]{subsubsection.4.5.1.1}{\376\377\0004\000.\0005\000.\0001\000.\0001\000\040\000S\000R\000\137\000D\000E\000L\000A\000Y\000\137\000U\000S}{subsection.4.5.1}% 97
\BOOKMARK [2][-]{subsection.4.5.2}{\376\377\0004\000.\0005\000.\0002\000\040\000T\000y\000p\000e\000d\000e\000f\000\040\000D\000o\000c\000u\000m\000e\000n\000t\000a\000t\000i\000o\000n}{section.4.5}% 98
\BOOKMARK [3][-]{subsubsection.4.5.2.1}{\376\377\0004\000.\0005\000.\0002\000.\0001\000\040\000s\000h\000i\000f\000t\000r\000e\000g}{subsection.4.5.2}% 99
\BOOKMARK [2][-]{subsection.4.5.3}{\376\377\0004\000.\0005\000.\0003\000\040\000F\000u\000n\000c\000t\000i\000o\000n\000\040\000D\000o\000c\000u\000m\000e\000n\000t\000a\000t\000i\000o\000n}{section.4.5}% 100
\BOOKMARK [3][-]{subsubsection.4.5.3.1}{\376\377\0004\000.\0005\000.\0003\000.\0001\000\040\000s\000h\000i\000f\000t\000r\000e\000g\000\137\000i\000n\000i\000t\000\050\000\051}{subsection.4.5.3}% 101
\BOOKMARK [3][-]{subsubsection.4.5.3.2}{\376\377\0004\000.\0005\000.\0003\000.\0002\000\040\000s\000h\000i\000f\000t\000r\000e\000g\000\137\000l\000a\000t\000c\000h\000\050\000\051}{subsection.4.5.3}% 102
\BOOKMARK [3][-]{subsubsection.4.5.3.3}{\376\377\0004\000.\0005\000.\0003\000.\0003\000\040\000s\000h\000i\000f\000t\000r\000e\000g\000\137\000o\000e\000\137\000h\000i\000\050\000\051}{subsection.4.5.3}% 103
\BOOKMARK [3][-]{subsubsection.4.5.3.4}{\376\377\0004\000.\0005\000.\0003\000.\0004\000\040\000s\000h\000i\000f\000t\000r\000e\000g\000\137\000o\000e\000\137\000l\000o\000\050\000\051}{subsection.4.5.3}% 104
\BOOKMARK [3][-]{subsubsection.4.5.3.5}{\376\377\0004\000.\0005\000.\0003\000.\0005\000\040\000s\000h\000i\000f\000t\000r\000e\000g\000\137\000p\000u\000l\000s\000e\000\137\000c\000l\000o\000c\000k\000\050\000\051}{subsection.4.5.3}% 105
\BOOKMARK [3][-]{subsubsection.4.5.3.6}{\376\377\0004\000.\0005\000.\0003\000.\0006\000\040\000s\000h\000i\000f\000t\000r\000e\000g\000\137\000p\000u\000t\0001\000\050\000\051}{subsection.4.5.3}% 106
\BOOKMARK [3][-]{subsubsection.4.5.3.7}{\376\377\0004\000.\0005\000.\0003\000.\0007\000\040\000s\000h\000i\000f\000t\000r\000e\000g\000\137\000p\000u\000t\0001\0006\000\050\000\051}{subsection.4.5.3}% 107
\BOOKMARK [3][-]{subsubsection.4.5.3.8}{\376\377\0004\000.\0005\000.\0003\000.\0008\000\040\000s\000h\000i\000f\000t\000r\000e\000g\000\137\000p\000u\000t\0008\000\050\000\051}{subsection.4.5.3}% 108
\BOOKMARK [3][-]{subsubsection.4.5.3.9}{\376\377\0004\000.\0005\000.\0003\000.\0009\000\040\000s\000h\000i\000f\000t\000r\000e\000g\000\137\000s\000e\000l\000e\000c\000t\000\050\000\051}{subsection.4.5.3}% 109
\BOOKMARK [3][-]{subsubsection.4.5.3.10}{\376\377\0004\000.\0005\000.\0003\000.\0001\0000\000\040\000s\000h\000i\000f\000t\000r\000e\000g\000\137\000s\000h\000i\000f\000t\0001\000\050\000\051}{subsection.4.5.3}% 110
\BOOKMARK [3][-]{subsubsection.4.5.3.11}{\376\377\0004\000.\0005\000.\0003\000.\0001\0001\000\040\000s\000h\000i\000f\000t\000r\000e\000g\000\137\000s\000h\000i\000f\000t\0001\0006\000\050\000\051}{subsection.4.5.3}% 111
\BOOKMARK [3][-]{subsubsection.4.5.3.12}{\376\377\0004\000.\0005\000.\0003\000.\0001\0002\000\040\000s\000h\000i\000f\000t\000r\000e\000g\000\137\000s\000h\000i\000f\000t\0008\000\050\000\051}{subsection.4.5.3}% 112
\BOOKMARK [1][-]{section.4.6}{\376\377\0004\000.\0006\000\040\000s\000n\0007\0004\000h\000c\0005\0009\0005\000n\000.\000h}{chapter.4}% 113
\BOOKMARK [1][-]{section.4.7}{\376\377\0004\000.\0007\000\040\000i\000n\000c\000l\000u\000d\000e\000/\000d\000r\000a\000k\000o\000/\000t\000e\000r\000m\000i\000n\000a\000l\000.\000h\000\040\000F\000i\000l\000e\000\040\000R\000e\000f\000e\000r\000e\000n\000c\000e}{chapter.4}% 114
\BOOKMARK [2][-]{subsection.4.7.1}{\376\377\0004\000.\0007\000.\0001\000\040\000M\000a\000c\000r\000o\000\040\000D\000e\000f\000i\000n\000i\000t\000i\000o\000n\000\040\000D\000o\000c\000u\000m\000e\000n\000t\000a\000t\000i\000o\000n}{section.4.7}% 115
\BOOKMARK [3][-]{subsubsection.4.7.1.1}{\376\377\0004\000.\0007\000.\0001\000.\0001\000\040\000D\000R\000K\000O\000\137\000T\000E\000R\000M}{subsection.4.7.1}% 116
\BOOKMARK [3][-]{subsubsection.4.7.1.2}{\376\377\0004\000.\0007\000.\0001\000.\0002\000\040\000D\000R\000K\000O\000\137\000T\000E\000R\000M\000\137\000B\000U\000F\000S\000I\000Z\000E}{subsection.4.7.1}% 117
\BOOKMARK [2][-]{subsection.4.7.2}{\376\377\0004\000.\0007\000.\0002\000\040\000T\000y\000p\000e\000d\000e\000f\000\040\000D\000o\000c\000u\000m\000e\000n\000t\000a\000t\000i\000o\000n}{section.4.7}% 118
\BOOKMARK [3][-]{subsubsection.4.7.2.1}{\376\377\0004\000.\0007\000.\0002\000.\0001\000\040\000t\000e\000r\000m\000i\000n\000a\000l\000\137\000c\000o\000m\000m\000a\000n\000d}{subsection.4.7.2}% 119
\BOOKMARK [2][-]{subsection.4.7.3}{\376\377\0004\000.\0007\000.\0003\000\040\000F\000u\000n\000c\000t\000i\000o\000n\000\040\000D\000o\000c\000u\000m\000e\000n\000t\000a\000t\000i\000o\000n}{section.4.7}% 120
\BOOKMARK [3][-]{subsubsection.4.7.3.1}{\376\377\0004\000.\0007\000.\0003\000.\0001\000\040\000\137\000t\000e\000r\000m\000i\000n\000a\000l\000\137\000c\000l\000e\000a\000n\000\137\000s\000t\000r\000i\000n\000g\000\050\000\051}{subsection.4.7.3}% 121
\BOOKMARK [3][-]{subsubsection.4.7.3.2}{\376\377\0004\000.\0007\000.\0003\000.\0002\000\040\000t\000e\000r\000m\000i\000n\000a\000l\000\137\000c\000o\000m\000m\000a\000n\000d\000\137\000f\000r\000e\000e\000\050\000\051}{subsection.4.7.3}% 122
\BOOKMARK [3][-]{subsubsection.4.7.3.3}{\376\377\0004\000.\0007\000.\0003\000.\0003\000\040\000t\000e\000r\000m\000i\000n\000a\000l\000\137\000g\000e\000t\000\137\000c\000o\000m\000m\000a\000n\000d\000\050\000\051}{subsection.4.7.3}% 123
\BOOKMARK [3][-]{subsubsection.4.7.3.4}{\376\377\0004\000.\0007\000.\0003\000.\0004\000\040\000t\000e\000r\000m\000i\000n\000a\000l\000\137\000g\000e\000t\000\137\000l\000i\000n\000e\000\050\000\051}{subsection.4.7.3}% 124
\BOOKMARK [1][-]{section.4.8}{\376\377\0004\000.\0008\000\040\000t\000e\000r\000m\000i\000n\000a\000l\000.\000h}{chapter.4}% 125
\BOOKMARK [1][-]{section.4.9}{\376\377\0004\000.\0009\000\040\000s\000r\000c\000/\000d\000r\000a\000k\000o\000/\000d\000i\000s\000p\000l\000a\000y\000.\000c\000\040\000F\000i\000l\000e\000\040\000R\000e\000f\000e\000r\000e\000n\000c\000e}{chapter.4}% 126
\BOOKMARK [2][-]{subsection.4.9.1}{\376\377\0004\000.\0009\000.\0001\000\040\000F\000u\000n\000c\000t\000i\000o\000n\000\040\000D\000o\000c\000u\000m\000e\000n\000t\000a\000t\000i\000o\000n}{section.4.9}% 127
\BOOKMARK [3][-]{subsubsection.4.9.1.1}{\376\377\0004\000.\0009\000.\0001\000.\0001\000\040\000b\000y\000t\000e\0002\000d\000i\000s\000p\000\050\000\051}{subsection.4.9.1}% 128
\BOOKMARK [3][-]{subsubsection.4.9.1.2}{\376\377\0004\000.\0009\000.\0001\000.\0002\000\040\000d\000i\000s\000p\000l\000a\000y\000\137\000c\000l\000e\000a\000r\000\050\000\051}{subsection.4.9.1}% 129
\BOOKMARK [3][-]{subsubsection.4.9.1.3}{\376\377\0004\000.\0009\000.\0001\000.\0003\000\040\000d\000i\000s\000p\000l\000a\000y\000\137\000h\000e\000x\000\050\000\051}{subsection.4.9.1}% 130
\BOOKMARK [3][-]{subsubsection.4.9.1.4}{\376\377\0004\000.\0009\000.\0001\000.\0004\000\040\000d\000i\000s\000p\000l\000a\000y\000\137\000h\000i\000d\000e\000\050\000\051}{subsection.4.9.1}% 131
\BOOKMARK [3][-]{subsubsection.4.9.1.5}{\376\377\0004\000.\0009\000.\0001\000.\0005\000\040\000d\000i\000s\000p\000l\000a\000y\000\137\000i\000n\000i\000t\000\050\000\051}{subsection.4.9.1}% 132
\BOOKMARK [3][-]{subsubsection.4.9.1.6}{\376\377\0004\000.\0009\000.\0001\000.\0006\000\040\000d\000i\000s\000p\000l\000a\000y\000\137\000s\000h\000o\000w\000\050\000\051}{subsection.4.9.1}% 133
\BOOKMARK [3][-]{subsubsection.4.9.1.7}{\376\377\0004\000.\0009\000.\0001\000.\0007\000\040\000d\000i\000s\000p\000l\000a\000y\000\137\000w\000r\000i\000t\000e\000\050\000\051}{subsection.4.9.1}% 134
\BOOKMARK [1][-]{section.4.10}{\376\377\0004\000.\0001\0000\000\040\000s\000r\000c\000/\000d\000r\000a\000k\000o\000/\000h\000a\000r\000d\000w\000a\000r\000e\000/\000a\000t\0002\0008\000c\0006\0004\000b\000.\000c\000\040\000F\000i\000l\000e\000\040\000R\000e\000f\000e\000r\000e\000n\000c\000e}{chapter.4}% 135
\BOOKMARK [2][-]{subsection.4.10.1}{\376\377\0004\000.\0001\0000\000.\0001\000\040\000F\000u\000n\000c\000t\000i\000o\000n\000\040\000D\000o\000c\000u\000m\000e\000n\000t\000a\000t\000i\000o\000n}{section.4.10}% 136
\BOOKMARK [3][-]{subsubsection.4.10.1.1}{\376\377\0004\000.\0001\0000\000.\0001\000.\0001\000\040\000e\000e\000p\000r\000o\000m\000\137\000i\000n\000i\000t\000\050\000\051}{subsection.4.10.1}% 137
\BOOKMARK [3][-]{subsubsection.4.10.1.2}{\376\377\0004\000.\0001\0000\000.\0001\000.\0002\000\040\000e\000e\000p\000r\000o\000m\000\137\000r\000e\000a\000d\0008\000\050\000\051}{subsection.4.10.1}% 138
\BOOKMARK [3][-]{subsubsection.4.10.1.3}{\376\377\0004\000.\0001\0000\000.\0001\000.\0003\000\040\000e\000e\000p\000r\000o\000m\000\137\000s\000e\000l\000e\000c\000t\000\050\000\051}{subsection.4.10.1}% 139
\BOOKMARK [3][-]{subsubsection.4.10.1.4}{\376\377\0004\000.\0001\0000\000.\0001\000.\0004\000\040\000e\000e\000p\000r\000o\000m\000\137\000w\000r\000i\000t\000e\0008\000\050\000\051}{subsection.4.10.1}% 140
\BOOKMARK [1][-]{section.4.11}{\376\377\0004\000.\0001\0001\000\040\000s\000r\000c\000/\000d\000r\000a\000k\000o\000/\000h\000a\000r\000d\000w\000a\000r\000e\000/\000a\000t\0002\0008\000c\0006\0004\000b\000\137\000h\000i\000d\000d\000e\000n\000.\000c\000\040\000F\000i\000l\000e\000\040\000R\000e\000f\000e\000r\000e\000n\000c\000e}{chapter.4}% 141
\BOOKMARK [2][-]{subsection.4.11.1}{\376\377\0004\000.\0001\0001\000.\0001\000\040\000F\000u\000n\000c\000t\000i\000o\000n\000\040\000D\000o\000c\000u\000m\000e\000n\000t\000a\000t\000i\000o\000n}{section.4.11}% 142
\BOOKMARK [3][-]{subsubsection.4.11.1.1}{\376\377\0004\000.\0001\0001\000.\0001\000.\0001\000\040\000\137\000e\000e\000p\000r\000o\000m\000\137\000d\000a\000t\000a\000\137\000i\000n\000\050\000\051}{subsection.4.11.1}% 143
\BOOKMARK [3][-]{subsubsection.4.11.1.2}{\376\377\0004\000.\0001\0001\000.\0001\000.\0002\000\040\000\137\000e\000e\000p\000r\000o\000m\000\137\000d\000a\000t\000a\000\137\000o\000u\000t\000\050\000\051}{subsection.4.11.1}% 144
\BOOKMARK [3][-]{subsubsection.4.11.1.3}{\376\377\0004\000.\0001\0001\000.\0001\000.\0003\000\040\000\137\000e\000e\000p\000r\000o\000m\000\137\000e\000x\000e\000c\000u\000t\000e\000\137\000w\000r\000i\000t\000e\000\050\000\051}{subsection.4.11.1}% 145
\BOOKMARK [3][-]{subsubsection.4.11.1.4}{\376\377\0004\000.\0001\0001\000.\0001\000.\0004\000\040\000\137\000e\000e\000p\000r\000o\000m\000\137\000g\000p\000i\000o\000\137\000i\000n\000i\000t\000\050\000\051}{subsection.4.11.1}% 146
\BOOKMARK [3][-]{subsubsection.4.11.1.5}{\376\377\0004\000.\0001\0001\000.\0001\000.\0005\000\040\000\137\000e\000e\000p\000r\000o\000m\000\137\000s\000e\000t\000\137\000i\000d\000l\000e\000\137\000c\000o\000n\000d\000i\000t\000i\000o\000n\000\050\000\051}{subsection.4.11.1}% 147
\BOOKMARK [3][-]{subsubsection.4.11.1.6}{\376\377\0004\000.\0001\0001\000.\0001\000.\0006\000\040\000\137\000e\000e\000p\000r\000o\000m\000\137\000s\000e\000t\000\137\000r\000e\000a\000d\000\137\000c\000o\000n\000d\000i\000t\000i\000o\000n\000\050\000\051}{subsection.4.11.1}% 148
\BOOKMARK [3][-]{subsubsection.4.11.1.7}{\376\377\0004\000.\0001\0001\000.\0001\000.\0007\000\040\000\137\000e\000e\000p\000r\000o\000m\000\137\000s\000e\000t\000\137\000w\000r\000i\000t\000e\000\137\000c\000o\000n\000d\000i\000t\000i\000o\000n\000\050\000\051}{subsection.4.11.1}% 149
\BOOKMARK [1][-]{section.4.12}{\376\377\0004\000.\0001\0002\000\040\000s\000r\000c\000/\000d\000r\000a\000k\000o\000/\000h\000a\000r\000d\000w\000a\000r\000e\000/\000s\000n\0007\0004\000h\000c\0005\0009\0005\000n\000.\000c\000\040\000F\000i\000l\000e\000\040\000R\000e\000f\000e\000r\000e\000n\000c\000e}{chapter.4}% 150
\BOOKMARK [2][-]{subsection.4.12.1}{\376\377\0004\000.\0001\0002\000.\0001\000\040\000F\000u\000n\000c\000t\000i\000o\000n\000\040\000D\000o\000c\000u\000m\000e\000n\000t\000a\000t\000i\000o\000n}{section.4.12}% 151
\BOOKMARK [3][-]{subsubsection.4.12.1.1}{\376\377\0004\000.\0001\0002\000.\0001\000.\0001\000\040\000s\000h\000i\000f\000t\000r\000e\000g\000\137\000i\000n\000i\000t\000\050\000\051}{subsection.4.12.1}% 152
\BOOKMARK [3][-]{subsubsection.4.12.1.2}{\376\377\0004\000.\0001\0002\000.\0001\000.\0002\000\040\000s\000h\000i\000f\000t\000r\000e\000g\000\137\000l\000a\000t\000c\000h\000\050\000\051}{subsection.4.12.1}% 153
\BOOKMARK [3][-]{subsubsection.4.12.1.3}{\376\377\0004\000.\0001\0002\000.\0001\000.\0003\000\040\000s\000h\000i\000f\000t\000r\000e\000g\000\137\000o\000e\000\137\000h\000i\000\050\000\051}{subsection.4.12.1}% 154
\BOOKMARK [3][-]{subsubsection.4.12.1.4}{\376\377\0004\000.\0001\0002\000.\0001\000.\0004\000\040\000s\000h\000i\000f\000t\000r\000e\000g\000\137\000o\000e\000\137\000l\000o\000\050\000\051}{subsection.4.12.1}% 155
\BOOKMARK [3][-]{subsubsection.4.12.1.5}{\376\377\0004\000.\0001\0002\000.\0001\000.\0005\000\040\000s\000h\000i\000f\000t\000r\000e\000g\000\137\000p\000u\000l\000s\000e\000\137\000c\000l\000o\000c\000k\000\050\000\051}{subsection.4.12.1}% 156
\BOOKMARK [3][-]{subsubsection.4.12.1.6}{\376\377\0004\000.\0001\0002\000.\0001\000.\0006\000\040\000s\000h\000i\000f\000t\000r\000e\000g\000\137\000p\000u\000t\0001\000\050\000\051}{subsection.4.12.1}% 157
\BOOKMARK [3][-]{subsubsection.4.12.1.7}{\376\377\0004\000.\0001\0002\000.\0001\000.\0007\000\040\000s\000h\000i\000f\000t\000r\000e\000g\000\137\000p\000u\000t\0001\0006\000\050\000\051}{subsection.4.12.1}% 158
\BOOKMARK [3][-]{subsubsection.4.12.1.8}{\376\377\0004\000.\0001\0002\000.\0001\000.\0008\000\040\000s\000h\000i\000f\000t\000r\000e\000g\000\137\000p\000u\000t\0008\000\050\000\051}{subsection.4.12.1}% 159
\BOOKMARK [3][-]{subsubsection.4.12.1.9}{\376\377\0004\000.\0001\0002\000.\0001\000.\0009\000\040\000s\000h\000i\000f\000t\000r\000e\000g\000\137\000s\000e\000l\000e\000c\000t\000\050\000\051}{subsection.4.12.1}% 160
\BOOKMARK [3][-]{subsubsection.4.12.1.10}{\376\377\0004\000.\0001\0002\000.\0001\000.\0001\0000\000\040\000s\000h\000i\000f\000t\000r\000e\000g\000\137\000s\000h\000i\000f\000t\0001\000\050\000\051}{subsection.4.12.1}% 161
\BOOKMARK [3][-]{subsubsection.4.12.1.11}{\376\377\0004\000.\0001\0002\000.\0001\000.\0001\0001\000\040\000s\000h\000i\000f\000t\000r\000e\000g\000\137\000s\000h\000i\000f\000t\0001\0006\000\050\000\051}{subsection.4.12.1}% 162
\BOOKMARK [3][-]{subsubsection.4.12.1.12}{\376\377\0004\000.\0001\0002\000.\0001\000.\0001\0002\000\040\000s\000h\000i\000f\000t\000r\000e\000g\000\137\000s\000h\000i\000f\000t\0008\000\050\000\051}{subsection.4.12.1}% 163
\BOOKMARK [1][-]{section.4.13}{\376\377\0004\000.\0001\0003\000\040\000s\000r\000c\000/\000d\000r\000a\000k\000o\000/\000t\000e\000r\000m\000i\000n\000a\000l\000.\000c\000\040\000F\000i\000l\000e\000\040\000R\000e\000f\000e\000r\000e\000n\000c\000e}{chapter.4}% 164
\BOOKMARK [2][-]{subsection.4.13.1}{\376\377\0004\000.\0001\0003\000.\0001\000\040\000F\000u\000n\000c\000t\000i\000o\000n\000\040\000D\000o\000c\000u\000m\000e\000n\000t\000a\000t\000i\000o\000n}{section.4.13}% 165
\BOOKMARK [3][-]{subsubsection.4.13.1.1}{\376\377\0004\000.\0001\0003\000.\0001\000.\0001\000\040\000\137\000t\000e\000r\000m\000i\000n\000a\000l\000\137\000c\000l\000e\000a\000n\000\137\000s\000t\000r\000i\000n\000g\000\050\000\051}{subsection.4.13.1}% 166
\BOOKMARK [3][-]{subsubsection.4.13.1.2}{\376\377\0004\000.\0001\0003\000.\0001\000.\0002\000\040\000t\000e\000r\000m\000i\000n\000a\000l\000\137\000c\000o\000m\000m\000a\000n\000d\000\137\000f\000r\000e\000e\000\050\000\051}{subsection.4.13.1}% 167
\BOOKMARK [3][-]{subsubsection.4.13.1.3}{\376\377\0004\000.\0001\0003\000.\0001\000.\0003\000\040\000t\000e\000r\000m\000i\000n\000a\000l\000\137\000g\000e\000t\000\137\000c\000o\000m\000m\000a\000n\000d\000\050\000\051}{subsection.4.13.1}% 168
\BOOKMARK [3][-]{subsubsection.4.13.1.4}{\376\377\0004\000.\0001\0003\000.\0001\000.\0004\000\040\000t\000e\000r\000m\000i\000n\000a\000l\000\137\000g\000e\000t\000\137\000l\000i\000n\000e\000\050\000\051}{subsection.4.13.1}% 169
\BOOKMARK [1][-]{section.4.14}{\376\377\0004\000.\0001\0004\000\040\000s\000r\000c\000/\000m\000a\000i\000n\000.\000c\000\040\000F\000i\000l\000e\000\040\000R\000e\000f\000e\000r\000e\000n\000c\000e}{chapter.4}% 170
\BOOKMARK [2][-]{subsection.4.14.1}{\376\377\0004\000.\0001\0004\000.\0001\000\040\000F\000u\000n\000c\000t\000i\000o\000n\000\040\000D\000o\000c\000u\000m\000e\000n\000t\000a\000t\000i\000o\000n}{section.4.14}% 171
\BOOKMARK [3][-]{subsubsection.4.14.1.1}{\376\377\0004\000.\0001\0004\000.\0001\000.\0001\000\040\000d\000i\000s\000p\000l\000a\000y\000\137\000s\000h\000e\000l\000l\000\050\000\051}{subsection.4.14.1}% 172
\BOOKMARK [3][-]{subsubsection.4.14.1.2}{\376\377\0004\000.\0001\0004\000.\0001\000.\0002\000\040\000e\000e\000p\000r\000o\000m\000\137\000t\000e\000s\000t\000\050\000\051}{subsection.4.14.1}% 173
\BOOKMARK [3][-]{subsubsection.4.14.1.3}{\376\377\0004\000.\0001\0004\000.\0001\000.\0003\000\040\000f\000u\000l\000l\000\137\000t\000e\000s\000t\000\050\000\051}{subsection.4.14.1}% 174
\BOOKMARK [3][-]{subsubsection.4.14.1.4}{\376\377\0004\000.\0001\0004\000.\0001\000.\0004\000\040\000m\000a\000i\000n\000\050\000\051}{subsection.4.14.1}% 175
\BOOKMARK [0][-]{section*.27}{\376\377\000I\000n\000d\000e\000x}{}% 176
